[debug] [2024-12-08T21:07:33.855Z] ----------------------------------------------------------------------
[debug] [2024-12-08T21:07:33.859Z] Command:       C:\Program Files\nodejs\node.exe C:\Users\Digital Team Mahad\AppData\Roaming\npm\node_modules\firebase-tools\lib\bin\firebase.js init hosting
[debug] [2024-12-08T21:07:33.860Z] CLI Version:   13.28.0
[debug] [2024-12-08T21:07:33.860Z] Platform:      win32
[debug] [2024-12-08T21:07:33.860Z] Node Version:  v22.11.0
[debug] [2024-12-08T21:07:33.861Z] Time:          Sun Dec 08 2024 13:07:33 GMT-0800 (Pacific Standard Time)
[debug] [2024-12-08T21:07:33.861Z] ----------------------------------------------------------------------
[debug] 
[debug] [2024-12-08T21:07:33.874Z] > command requires scopes: ["email","openid","https://www.googleapis.com/auth/cloudplatformprojects.readonly","https://www.googleapis.com/auth/firebase","https://www.googleapis.com/auth/cloud-platform"]
[debug] [2024-12-08T21:07:33.875Z] > authorizing via signed-in user (123filterman@gmail.com)
[info] 
     ######## #### ########  ######## ########     ###     ######  ########
     ##        ##  ##     ## ##       ##     ##  ##   ##  ##       ##
     ######    ##  ########  ######   ########  #########  ######  ######
     ##        ##  ##    ##  ##       ##     ## ##     ##       ## ##
     ##       #### ##     ## ######## ########  ##     ##  ######  ########

You're about to initialize a Firebase project in this directory:

  C:\Users\Digital Team Mahad\Documents\esjare\project

[info] 
=== Project Setup
[info] 
[info] First, let's associate this project directory with a Firebase project.
[info] You can create multiple project aliases by running firebase use --add, 
[info] but for now we'll just set up a default project.
[info] 
[debug] [2024-12-08T21:07:42.386Z] Checked if tokens are valid: true, expires at: 1733695527250
[debug] [2024-12-08T21:07:42.387Z] Checked if tokens are valid: true, expires at: 1733695527250
[debug] [2024-12-08T21:07:42.389Z] >>> [apiv2][query] GET https://firebase.googleapis.com/v1beta1/availableProjects pageSize=100
[debug] [2024-12-08T21:07:43.193Z] <<< [apiv2][status] GET https://firebase.googleapis.com/v1beta1/availableProjects 200
[debug] [2024-12-08T21:07:43.193Z] <<< [apiv2][body] GET https://firebase.googleapis.com/v1beta1/availableProjects [omitted]
[debug] [2024-12-08T21:07:46.681Z] Checked if tokens are valid: true, expires at: 1733695527250
[debug] [2024-12-08T21:07:46.682Z] Checked if tokens are valid: true, expires at: 1733695527250
[debug] [2024-12-08T21:07:46.682Z] >>> [apiv2][query] POST https://firebase.googleapis.com/v1beta1/projects/nimble-anagram-410206:addFirebase [none]
[debug] [2024-12-08T21:07:47.168Z] <<< [apiv2][status] POST https://firebase.googleapis.com/v1beta1/projects/nimble-anagram-410206:addFirebase 403
[debug] [2024-12-08T21:07:47.170Z] <<< [apiv2][body] POST https://firebase.googleapis.com/v1beta1/projects/nimble-anagram-410206:addFirebase {"error":{"code":403,"message":"The caller does not have permission","status":"PERMISSION_DENIED"}}
[debug] [2024-12-08T21:07:47.177Z] Request to https://firebase.googleapis.com/v1beta1/projects/nimble-anagram-410206:addFirebase had HTTP Error: 403, The caller does not have permission
[debug] [2024-12-08T21:07:47.580Z] FirebaseError: Request to https://firebase.googleapis.com/v1beta1/projects/nimble-anagram-410206:addFirebase had HTTP Error: 403, The caller does not have permission
    at responseToError (C:\Users\Digital Team Mahad\AppData\Roaming\npm\node_modules\firebase-tools\lib\responseToError.js:52:12)
    at RetryOperation._fn (C:\Users\Digital Team Mahad\AppData\Roaming\npm\node_modules\firebase-tools\lib\apiv2.js:312:77)
    at process.processTicksAndRejections (node:internal/process/task_queues:105:5)
[error] 
[error] Error: Failed to add Firebase to Google Cloud Platform project. See firebase-debug.log for more info.
